[0.266s] Invoking command in '/home/simseunghwan/simseunghwan_ws/src/f1tenth_system/f1tenth_stack': PYTHONPATH=/home/simseunghwan/simseunghwan_ws/build/f1tenth_stack/prefix_override:/usr/lib/python3/dist-packages/colcon_core/task/python/colcon_distutils_commands:/home/simseunghwan/simseunghwan_ws/install/f1tenth_stack/lib/python3.10/site-packages: /usr/bin/python3 -W ignore:setup.py install is deprecated -W ignore:easy_install command is deprecated setup.py egg_info --egg-base ../../../build/f1tenth_stack build --build-base /home/simseunghwan/simseunghwan_ws/build/f1tenth_stack/build install --record /home/simseunghwan/simseunghwan_ws/build/f1tenth_stack/install.log --single-version-externally-managed install_data
[0.362s] running egg_info
[0.362s] creating ../../../build/f1tenth_stack/f1tenth_stack.egg-info
[0.363s] writing ../../../build/f1tenth_stack/f1tenth_stack.egg-info/PKG-INFO
[0.363s] writing dependency_links to ../../../build/f1tenth_stack/f1tenth_stack.egg-info/dependency_links.txt
[0.363s] writing entry points to ../../../build/f1tenth_stack/f1tenth_stack.egg-info/entry_points.txt
[0.363s] writing requirements to ../../../build/f1tenth_stack/f1tenth_stack.egg-info/requires.txt
[0.363s] writing top-level names to ../../../build/f1tenth_stack/f1tenth_stack.egg-info/top_level.txt
[0.363s] writing manifest file '../../../build/f1tenth_stack/f1tenth_stack.egg-info/SOURCES.txt'
[0.363s] reading manifest file '../../../build/f1tenth_stack/f1tenth_stack.egg-info/SOURCES.txt'
[0.364s] writing manifest file '../../../build/f1tenth_stack/f1tenth_stack.egg-info/SOURCES.txt'
[0.364s] running build
[0.364s] running build_py
[0.364s] creating /home/simseunghwan/simseunghwan_ws/build/f1tenth_stack/build
[0.364s] creating /home/simseunghwan/simseunghwan_ws/build/f1tenth_stack/build/lib
[0.364s] creating /home/simseunghwan/simseunghwan_ws/build/f1tenth_stack/build/lib/f1tenth_stack
[0.364s] copying f1tenth_stack/throttle_interpolator.py -> /home/simseunghwan/simseunghwan_ws/build/f1tenth_stack/build/lib/f1tenth_stack
[0.364s] copying f1tenth_stack/tf_publisher.py -> /home/simseunghwan/simseunghwan_ws/build/f1tenth_stack/build/lib/f1tenth_stack
[0.364s] copying f1tenth_stack/__init__.py -> /home/simseunghwan/simseunghwan_ws/build/f1tenth_stack/build/lib/f1tenth_stack
[0.364s] running install
[0.364s] running install_lib
[0.364s] creating /home/simseunghwan/simseunghwan_ws/install/f1tenth_stack/lib/python3.10/site-packages/f1tenth_stack
[0.364s] copying /home/simseunghwan/simseunghwan_ws/build/f1tenth_stack/build/lib/f1tenth_stack/throttle_interpolator.py -> /home/simseunghwan/simseunghwan_ws/install/f1tenth_stack/lib/python3.10/site-packages/f1tenth_stack
[0.364s] copying /home/simseunghwan/simseunghwan_ws/build/f1tenth_stack/build/lib/f1tenth_stack/tf_publisher.py -> /home/simseunghwan/simseunghwan_ws/install/f1tenth_stack/lib/python3.10/site-packages/f1tenth_stack
[0.364s] copying /home/simseunghwan/simseunghwan_ws/build/f1tenth_stack/build/lib/f1tenth_stack/__init__.py -> /home/simseunghwan/simseunghwan_ws/install/f1tenth_stack/lib/python3.10/site-packages/f1tenth_stack
[0.365s] byte-compiling /home/simseunghwan/simseunghwan_ws/install/f1tenth_stack/lib/python3.10/site-packages/f1tenth_stack/throttle_interpolator.py to throttle_interpolator.cpython-310.pyc
[0.365s] byte-compiling /home/simseunghwan/simseunghwan_ws/install/f1tenth_stack/lib/python3.10/site-packages/f1tenth_stack/tf_publisher.py to tf_publisher.cpython-310.pyc
[0.365s] byte-compiling /home/simseunghwan/simseunghwan_ws/install/f1tenth_stack/lib/python3.10/site-packages/f1tenth_stack/__init__.py to __init__.cpython-310.pyc
[0.365s] running install_data
[0.365s] creating /home/simseunghwan/simseunghwan_ws/install/f1tenth_stack/share/ament_index
[0.365s] creating /home/simseunghwan/simseunghwan_ws/install/f1tenth_stack/share/ament_index/resource_index
[0.365s] creating /home/simseunghwan/simseunghwan_ws/install/f1tenth_stack/share/ament_index/resource_index/packages
[0.365s] copying resource/f1tenth_stack -> /home/simseunghwan/simseunghwan_ws/install/f1tenth_stack/share/ament_index/resource_index/packages
[0.365s] copying package.xml -> /home/simseunghwan/simseunghwan_ws/install/f1tenth_stack/share/f1tenth_stack
[0.366s] creating /home/simseunghwan/simseunghwan_ws/install/f1tenth_stack/share/f1tenth_stack/launch
[0.366s] copying launch/bringup_launch.py -> /home/simseunghwan/simseunghwan_ws/install/f1tenth_stack/share/f1tenth_stack/launch
[0.366s] copying launch/sick_bringup_launch.py -> /home/simseunghwan/simseunghwan_ws/install/f1tenth_stack/share/f1tenth_stack/launch
[0.366s] copying launch/no_lidar_bringup_launch.py -> /home/simseunghwan/simseunghwan_ws/install/f1tenth_stack/share/f1tenth_stack/launch
[0.366s] creating /home/simseunghwan/simseunghwan_ws/install/f1tenth_stack/share/f1tenth_stack/config
[0.366s] copying config/sensors.yaml -> /home/simseunghwan/simseunghwan_ws/install/f1tenth_stack/share/f1tenth_stack/config
[0.366s] copying config/joy_teleop.yaml -> /home/simseunghwan/simseunghwan_ws/install/f1tenth_stack/share/f1tenth_stack/config
[0.366s] copying config/mux.yaml -> /home/simseunghwan/simseunghwan_ws/install/f1tenth_stack/share/f1tenth_stack/config
[0.366s] copying config/vesc.yaml -> /home/simseunghwan/simseunghwan_ws/install/f1tenth_stack/share/f1tenth_stack/config
[0.366s] copying config/f1tenth_online_async.yaml -> /home/simseunghwan/simseunghwan_ws/install/f1tenth_stack/share/f1tenth_stack/config
[0.366s] running install_egg_info
[0.367s] Copying ../../../build/f1tenth_stack/f1tenth_stack.egg-info to /home/simseunghwan/simseunghwan_ws/install/f1tenth_stack/lib/python3.10/site-packages/f1tenth_stack-0.0.1-py3.10.egg-info
[0.367s] running install_scripts
[0.377s] Installing tf_publisher script to /home/simseunghwan/simseunghwan_ws/install/f1tenth_stack/lib/f1tenth_stack
[0.377s] Installing throttle_interpolator script to /home/simseunghwan/simseunghwan_ws/install/f1tenth_stack/lib/f1tenth_stack
[0.377s] writing list of installed files to '/home/simseunghwan/simseunghwan_ws/build/f1tenth_stack/install.log'
[0.390s] Invoked command in '/home/simseunghwan/simseunghwan_ws/src/f1tenth_system/f1tenth_stack' returned '0': PYTHONPATH=/home/simseunghwan/simseunghwan_ws/build/f1tenth_stack/prefix_override:/usr/lib/python3/dist-packages/colcon_core/task/python/colcon_distutils_commands:/home/simseunghwan/simseunghwan_ws/install/f1tenth_stack/lib/python3.10/site-packages: /usr/bin/python3 -W ignore:setup.py install is deprecated -W ignore:easy_install command is deprecated setup.py egg_info --egg-base ../../../build/f1tenth_stack build --build-base /home/simseunghwan/simseunghwan_ws/build/f1tenth_stack/build install --record /home/simseunghwan/simseunghwan_ws/build/f1tenth_stack/install.log --single-version-externally-managed install_data
